Determining if files pthread.h exist failed with the following output:
Change Dir: /Users/jl/tmp/pnl-20140722/pnl-win32-1.7.1/build/CMakeFiles/CMakeTmp

Run Build Command:"/usr/bin/make" "cmTryCompileExec77414711/fast"
/Applications/Xcode.app/Contents/Developer/usr/bin/make -f CMakeFiles/cmTryCompileExec77414711.dir/build.make CMakeFiles/cmTryCompileExec77414711.dir/build
/usr/local/Cellar/cmake/3.0.0/bin/cmake -E cmake_progress_report /Users/jl/tmp/pnl-20140722/pnl-win32-1.7.1/build/CMakeFiles/CMakeTmp/CMakeFiles 1
Building C object CMakeFiles/cmTryCompileExec77414711.dir/CheckIncludeFiles.c.obj
/usr/local/mingw32/bin/cc    -o CMakeFiles/cmTryCompileExec77414711.dir/CheckIncludeFiles.c.obj   -c /Users/jl/tmp/pnl-20140722/pnl-win32-1.7.1/build/CMakeFiles/CMakeTmp/CheckIncludeFiles.c
/Users/jl/tmp/pnl-20140722/pnl-win32-1.7.1/build/CMakeFiles/CMakeTmp/CheckIncludeFiles.c:2:21: fatal error: pthread.h: No such file or directory
compilation terminated.
make[1]: *** [CMakeFiles/cmTryCompileExec77414711.dir/CheckIncludeFiles.c.obj] Error 1
make: *** [cmTryCompileExec77414711/fast] Error 2

Source:
/* */
#include <pthread.h>


int main(){return 0;}

Determining if the function dpstrf exists failed with the following output:
Change Dir: /Users/jl/tmp/pnl-20140722/pnl-win32-1.7.1/build/CMakeFiles/CMakeTmp

Run Build Command:"/usr/bin/make" "cmTryCompileExec3537529396/fast"
/Applications/Xcode.app/Contents/Developer/usr/bin/make -f CMakeFiles/cmTryCompileExec3537529396.dir/build.make CMakeFiles/cmTryCompileExec3537529396.dir/build
/usr/local/Cellar/cmake/3.0.0/bin/cmake -E cmake_progress_report /Users/jl/tmp/pnl-20140722/pnl-win32-1.7.1/build/CMakeFiles/CMakeTmp/CMakeFiles 1
Building C object CMakeFiles/cmTryCompileExec3537529396.dir/CheckFunctionExists.c.obj
/usr/local/mingw32/bin/cc   -DCHECK_FUNCTION_EXISTS=dpstrf   -o CMakeFiles/cmTryCompileExec3537529396.dir/CheckFunctionExists.c.obj   -c /usr/local/Cellar/cmake/3.0.0/share/cmake/Modules/CheckFunctionExists.c
Linking C executable cmTryCompileExec3537529396.exe
/usr/local/Cellar/cmake/3.0.0/bin/cmake -E cmake_link_script CMakeFiles/cmTryCompileExec3537529396.dir/link.txt --verbose=1
/usr/local/Cellar/cmake/3.0.0/bin/cmake -E remove -f CMakeFiles/cmTryCompileExec3537529396.dir/objects.a
/usr/local/mingw32/i686-pc-mingw32/bin/ar cr CMakeFiles/cmTryCompileExec3537529396.dir/objects.a @CMakeFiles/cmTryCompileExec3537529396.dir/objects1.rsp
/usr/local/mingw32/bin/cc   -DCHECK_FUNCTION_EXISTS=dpstrf    -Wl,--whole-archive CMakeFiles/cmTryCompileExec3537529396.dir/objects.a -Wl,--no-whole-archive  -o cmTryCompileExec3537529396.exe -Wl,--out-implib,libcmTryCompileExec3537529396.dll.a -Wl,--major-image-version,0,--minor-image-version,0  -lkernel32 -luser32 -lgdi32 -lwinspool -lshell32 -lole32 -loleaut32 -luuid -lcomdlg32 -ladvapi32 
CMakeFiles/cmTryCompileExec3537529396.dir/objects.a(CheckFunctionExists.c.obj):CheckFunctionExists.c:(.text+0xc): undefined reference to `_dpstrf'
collect2: ld returned 1 exit status
make[1]: *** [cmTryCompileExec3537529396.exe] Error 1
make: *** [cmTryCompileExec3537529396/fast] Error 2


Determining if the function exp10 exists failed with the following output:
Change Dir: /Users/jl/tmp/pnl-20140722/pnl-win32-1.7.1/build/CMakeFiles/CMakeTmp

Run Build Command:"/usr/bin/make" "cmTryCompileExec2475553764/fast"
/Applications/Xcode.app/Contents/Developer/usr/bin/make -f CMakeFiles/cmTryCompileExec2475553764.dir/build.make CMakeFiles/cmTryCompileExec2475553764.dir/build
/usr/local/Cellar/cmake/3.0.0/bin/cmake -E cmake_progress_report /Users/jl/tmp/pnl-20140722/pnl-win32-1.7.1/build/CMakeFiles/CMakeTmp/CMakeFiles 1
Building C object CMakeFiles/cmTryCompileExec2475553764.dir/CheckFunctionExists.c.obj
/usr/local/mingw32/bin/cc   -DCHECK_FUNCTION_EXISTS=exp10   -o CMakeFiles/cmTryCompileExec2475553764.dir/CheckFunctionExists.c.obj   -c /usr/local/Cellar/cmake/3.0.0/share/cmake/Modules/CheckFunctionExists.c
/usr/local/Cellar/cmake/3.0.0/share/cmake/Modules/CheckFunctionExists.c:3:6: warning: conflicting types for built-in function 'exp10' [enabled by default]
Linking C executable cmTryCompileExec2475553764.exe
/usr/local/Cellar/cmake/3.0.0/bin/cmake -E cmake_link_script CMakeFiles/cmTryCompileExec2475553764.dir/link.txt --verbose=1
/usr/local/Cellar/cmake/3.0.0/bin/cmake -E remove -f CMakeFiles/cmTryCompileExec2475553764.dir/objects.a
/usr/local/mingw32/i686-pc-mingw32/bin/ar cr CMakeFiles/cmTryCompileExec2475553764.dir/objects.a @CMakeFiles/cmTryCompileExec2475553764.dir/objects1.rsp
/usr/local/mingw32/bin/cc   -DCHECK_FUNCTION_EXISTS=exp10    -Wl,--whole-archive CMakeFiles/cmTryCompileExec2475553764.dir/objects.a -Wl,--no-whole-archive  -o cmTryCompileExec2475553764.exe -Wl,--out-implib,libcmTryCompileExec2475553764.dll.a -Wl,--major-image-version,0,--minor-image-version,0  /usr/local/mingw32/i686-pc-mingw32/bin/libblas.dll /usr/local/mingw32/i686-pc-mingw32/bin/liblapack.dll /usr/local/mingw32/i686-pc-mingw32/bin/libblas.dll /usr/local/mingw32/i686-pc-mingw32/bin/liblapack.dll -lkernel32 -luser32 -lgdi32 -lwinspool -lshell32 -lole32 -loleaut32 -luuid -lcomdlg32 -ladvapi32 
CMakeFiles/cmTryCompileExec2475553764.dir/objects.a(CheckFunctionExists.c.obj):CheckFunctionExists.c:(.text+0xc): undefined reference to `_exp10'
collect2: ld returned 1 exit status
make[1]: *** [cmTryCompileExec2475553764.exe] Error 1
make: *** [cmTryCompileExec2475553764/fast] Error 2


Determining if the function isinf exists failed with the following output:
Change Dir: /Users/jl/tmp/pnl-20140722/pnl-win32-1.7.1/build/CMakeFiles/CMakeTmp

Run Build Command:"/usr/bin/make" "cmTryCompileExec4131529193/fast"
/Applications/Xcode.app/Contents/Developer/usr/bin/make -f CMakeFiles/cmTryCompileExec4131529193.dir/build.make CMakeFiles/cmTryCompileExec4131529193.dir/build
/usr/local/Cellar/cmake/3.0.0/bin/cmake -E cmake_progress_report /Users/jl/tmp/pnl-20140722/pnl-win32-1.7.1/build/CMakeFiles/CMakeTmp/CMakeFiles 1
Building C object CMakeFiles/cmTryCompileExec4131529193.dir/CheckFunctionExists.c.obj
/usr/local/mingw32/bin/cc   -DCHECK_FUNCTION_EXISTS=isinf   -o CMakeFiles/cmTryCompileExec4131529193.dir/CheckFunctionExists.c.obj   -c /usr/local/Cellar/cmake/3.0.0/share/cmake/Modules/CheckFunctionExists.c
/usr/local/Cellar/cmake/3.0.0/share/cmake/Modules/CheckFunctionExists.c:3:6: warning: conflicting types for built-in function 'isinf' [enabled by default]
Linking C executable cmTryCompileExec4131529193.exe
/usr/local/Cellar/cmake/3.0.0/bin/cmake -E cmake_link_script CMakeFiles/cmTryCompileExec4131529193.dir/link.txt --verbose=1
/usr/local/Cellar/cmake/3.0.0/bin/cmake -E remove -f CMakeFiles/cmTryCompileExec4131529193.dir/objects.a
/usr/local/mingw32/i686-pc-mingw32/bin/ar cr CMakeFiles/cmTryCompileExec4131529193.dir/objects.a @CMakeFiles/cmTryCompileExec4131529193.dir/objects1.rsp
/usr/local/mingw32/bin/cc   -DCHECK_FUNCTION_EXISTS=isinf    -Wl,--whole-archive CMakeFiles/cmTryCompileExec4131529193.dir/objects.a -Wl,--no-whole-archive  -o cmTryCompileExec4131529193.exe -Wl,--out-implib,libcmTryCompileExec4131529193.dll.a -Wl,--major-image-version,0,--minor-image-version,0  /usr/local/mingw32/i686-pc-mingw32/bin/libblas.dll /usr/local/mingw32/i686-pc-mingw32/bin/liblapack.dll /usr/local/mingw32/i686-pc-mingw32/bin/libblas.dll /usr/local/mingw32/i686-pc-mingw32/bin/liblapack.dll -lkernel32 -luser32 -lgdi32 -lwinspool -lshell32 -lole32 -loleaut32 -luuid -lcomdlg32 -ladvapi32 
CMakeFiles/cmTryCompileExec4131529193.dir/objects.a(CheckFunctionExists.c.obj):CheckFunctionExists.c:(.text+0xc): undefined reference to `_isinf'
collect2: ld returned 1 exit status
make[1]: *** [cmTryCompileExec4131529193.exe] Error 1
make: *** [cmTryCompileExec4131529193/fast] Error 2


